La génération a démarré 04.05.2015 09:11:39.
     1>Projet "C:\Users\jacquemare\OneDrive\ETML - FPA 2013-2015\TPI\Projects\HDFaceBasics-XAML_CS\HDFaceVisualizer\HDFaceVisualizer.vcxproj" sur le nœud 2 (Build cible(s)).
     1>FxCompile:
         C:\Program Files (x86)\Windows Kits\8.1\bin\x86\fxc.exe /nologo /E"main" /T ps_4_0_level_9_1 /Fo "C:\Users\jacquemare\OneDrive\ETML - FPA 2013-2015\TPI\Projects\HDFaceBasics-XAML_CS\Debug\HDFaceVisualizer\HDFacePixelShader.cso" /Od /Zi HDFacePixelShader.hlsl 
         compilation object save succeeded; see C:\Users\jacquemare\OneDrive\ETML - FPA 2013-2015\TPI\Projects\HDFaceBasics-XAML_CS\Debug\HDFaceVisualizer\HDFacePixelShader.cso
         C:\Program Files (x86)\Windows Kits\8.1\bin\x86\fxc.exe /nologo /E"main" /T vs_4_0_level_9_1 /Fo "C:\Users\jacquemare\OneDrive\ETML - FPA 2013-2015\TPI\Projects\HDFaceBasics-XAML_CS\Debug\HDFaceVisualizer\HDFaceVertexShader.cso" /Od /Zi HDFaceVertexShader.hlsl 
         compilation object save succeeded; see C:\Users\jacquemare\OneDrive\ETML - FPA 2013-2015\TPI\Projects\HDFaceBasics-XAML_CS\Debug\HDFaceVisualizer\HDFaceVertexShader.cso
       ClCompile:
         C:\Program Files (x86)\Microsoft Visual Studio 12.0\VC\bin\CL.exe /c /I"C:\Users\jacquemare\OneDrive\ETML - FPA 2013-2015\TPI\Projects\HDFaceBasics-XAML_CS\HDFaceVisualizer\\" /I"Generated Files\\" /IDebug\ /ZI /ZW /ZW:nostdlib /nologo /W3 /WX- /sdl /MP /Od /Oy- /D _WINRT_DLL /D _WINDLL /D _UNICODE /D UNICODE /D _DEBUG /D WINAPI_FAMILY=WINAPI_FAMILY_APP /Gm- /EHsc /RTC1 /MDd /GS /fp:precise /Zc:wchar_t /Zc:forScope /Yc"pch.h" /Fp"Debug\pch.pch" /Fo"Debug\\" /Fd"Debug\vc120.pdb" /Gd /TP /FU"C:\Program Files (x86)\Microsoft SDKs\Windows\v8.1\ExtensionSDKs\Microsoft.VCLibs\12.0\References\CommonConfiguration\neutral\platform.winmd" /FU"C:\Program Files (x86)\Microsoft SDKs\Windows\v8.1\ExtensionSDKs\WindowsPreview.Kinect\2.0\References\CommonConfiguration\neutral\WindowsPreview.Data.winmd" /FU"C:\Program Files (x86)\Microsoft SDKs\Windows\v8.1\ExtensionSDKs\WindowsPreview.Kinect\2.0\References\CommonConfiguration\neutral\WindowsPreview.Kinect.winmd" /FU"C:\Program Files (x86)\Windows Kits\8.1\References\CommonConfiguration\Neutral\Windows.winmd" /FU"C:\Program Files (x86)\Windows Kits\8.1\References\CommonConfiguration\Neutral\Windows.winmd" /analyze- /errorReport:prompt /bigobj pch.cpp
         pch.cpp
         C:\Program Files (x86)\Microsoft Visual Studio 12.0\VC\bin\CL.exe /c /I"C:\Users\jacquemare\OneDrive\ETML - FPA 2013-2015\TPI\Projects\HDFaceBasics-XAML_CS\HDFaceVisualizer\\" /I"Generated Files\\" /IDebug\ /ZI /ZW /ZW:nostdlib /nologo /W3 /WX- /sdl /MP /Od /Oy- /D _WINRT_DLL /D _WINDLL /D _UNICODE /D UNICODE /D _DEBUG /D WINAPI_FAMILY=WINAPI_FAMILY_APP /Gm- /EHsc /RTC1 /MDd /GS /fp:precise /Zc:wchar_t /Zc:forScope /Yu"pch.h" /Fp"Debug\pch.pch" /Fo"Debug\\" /Fd"Debug\vc120.pdb" /Gd /TP /FU"C:\Program Files (x86)\Microsoft SDKs\Windows\v8.1\ExtensionSDKs\Microsoft.VCLibs\12.0\References\CommonConfiguration\neutral\platform.winmd" /FU"C:\Program Files (x86)\Microsoft SDKs\Windows\v8.1\ExtensionSDKs\WindowsPreview.Kinect\2.0\References\CommonConfiguration\neutral\WindowsPreview.Data.winmd" /FU"C:\Program Files (x86)\Microsoft SDKs\Windows\v8.1\ExtensionSDKs\WindowsPreview.Kinect\2.0\References\CommonConfiguration\neutral\WindowsPreview.Kinect.winmd" /FU"C:\Program Files (x86)\Windows Kits\8.1\References\CommonConfiguration\Neutral\Windows.winmd" /FU"C:\Program Files (x86)\Windows Kits\8.1\References\CommonConfiguration\Neutral\Windows.winmd" /analyze- /errorReport:prompt /bigobj DirectXPanelBase.cpp HDFaceD3DPanel.cpp
         DirectXPanelBase.cpp
         HDFaceD3DPanel.cpp
       Link:
         C:\Program Files (x86)\Microsoft Visual Studio 12.0\VC\bin\link.exe /ERRORREPORT:PROMPT /OUT:"C:\Users\jacquemare\OneDrive\ETML - FPA 2013-2015\TPI\Projects\HDFaceBasics-XAML_CS\Debug\HDFaceVisualizer\HDFaceXAMLVisualizer.dll" /INCREMENTAL /NOLOGO d3d11.lib dxgi.lib d2d1.lib runtimeobject.lib kernel32.lib /MANIFEST:NO /DEBUG /PDB:"C:\Users\jacquemare\OneDrive\ETML - FPA 2013-2015\TPI\Projects\HDFaceBasics-XAML_CS\Debug\HDFaceVisualizer\HDFaceXAMLVisualizer.pdb" /SUBSYSTEM:CONSOLE /TLBID:1 /APPCONTAINER /WINMD /WINMDFILE:"C:\Users\jacquemare\OneDrive\ETML - FPA 2013-2015\TPI\Projects\HDFaceBasics-XAML_CS\Debug\HDFaceVisualizer\HDFaceVisualizer.winmd" /DYNAMICBASE /NXCOMPAT /MACHINE:X86 /DLL Debug\DirectXPanelBase.obj
         Debug\HDFaceD3DPanel.obj
         Debug\pch.obj
            Création de la bibliothèque C:\Users\jacquemare\OneDrive\ETML - FPA 2013-2015\TPI\Projects\HDFaceBasics-XAML_CS\Debug\HDFaceVisualizer\HDFaceXAMLVisualizer.lib et de l'objet C:\Users\jacquemare\OneDrive\ETML - FPA 2013-2015\TPI\Projects\HDFaceBasics-XAML_CS\Debug\HDFaceVisualizer\HDFaceXAMLVisualizer.exp
         HDFaceVisualizer.vcxproj -> C:\Users\jacquemare\OneDrive\ETML - FPA 2013-2015\TPI\Projects\HDFaceBasics-XAML_CS\Debug\HDFaceVisualizer\HDFaceXAMLVisualizer.dll
       _GenerateProjectPriFileCore:
         C:\Program Files (x86)\Windows Kits\8.1\bin\x64\MakePri.exe New -ProjectRoot "C:\Users\jacquemare\OneDrive\ETML - FPA 2013-2015\TPI\Projects\HDFaceBasics-XAML_CS\HDFaceVisualizer\\" -ConfigXml Debug\priconfig.xml -OutputFile "C:\Users\jacquemare\OneDrive\ETML - FPA 2013-2015\TPI\Projects\HDFaceBasics-XAML_CS\Debug\HDFaceVisualizer\HDFaceVisualizer.pri" -IndexName HDFaceVisualizer -Verbose -Overwrite  
     1>Génération du projet "C:\Users\jacquemare\OneDrive\ETML - FPA 2013-2015\TPI\Projects\HDFaceBasics-XAML_CS\HDFaceVisualizer\HDFaceVisualizer.vcxproj" terminée (Build cible(s)).

La génération a réussi.

Temps écoulé 00:00:06.58
